nohup: ignoring input
Authorization required, but no authorization protocol specified
Authorization required, but no authorization protocol specified
Authorization required, but no authorization protocol specified
original nodes [[548.8135039273247 645.8941130666561]
 [715.1893663724195 437.5872112626925]
 [602.7633760716438 891.7730007820797]
 [544.8831829968968 963.6627605010293]
 [423.6547993389047 383.4415188257777]]
Optimization failed
Optimization failed
time to optimize spline 0.9281482696533203
Optimization failed
Optimization failed
time to optimize spline 1.1369991302490234
Optimization failed
Optimization failed
Optimization failed
time to optimize spline 10.098148107528687
Optimization failed
Optimization failed
time to optimize spline 0.8927607536315918
Optimization failed
Optimization failed
time to optimize spline 1.0951051712036133
Optimization failed
Optimization failed
time to optimize spline 1.07265043258667
Optimization failed
Optimization failed
time to optimize spline 0.5600152015686035
Optimization failed
Optimization failed
time to optimize spline 1.2192671298980713
Optimization failed
Optimization failed
time to optimize spline 1.1292963027954102
optimized percent found 0.6533333333333333
lawn mower percent found 0.4533333333333333
strait line percent found 0.43666666666666665
original nodes [[4.170220047025740e+02 9.233859476879780e+01]
 [7.203244934421581e+02 1.862602113776709e+02]
 [1.143748173448866e-01 3.455607270430477e+02]
 [3.023325726318398e+02 3.967674742306700e+02]
 [1.467558908171131e+02 5.388167340033569e+02]]
Optimization failed
Optimization failed
time to optimize spline 1.6249725818634033
Optimization failed
Optimization failed
time to optimize spline 1.0230302810668945
Optimization failed
Optimization failed
time to optimize spline 1.1988897323608398
Optimization failed
Optimization failed
time to optimize spline 2.0269651412963867
Optimization failed
Optimization failed
time to optimize spline 0.2684614658355713
Optimization failed
Optimization failed
time to optimize spline 0.24833297729492188
Optimization failed
Optimization failed
time to optimize spline 1.2606089115142822
Optimization failed
Optimization failed
time to optimize spline 0.8781869411468506
Optimization failed
Optimization failed
time to optimize spline 0.8843677043914795
optimized percent found 0.5866666666666667
lawn mower percent found 0.4266666666666667
strait line percent found 0.38666666666666666
original nodes [[435.99490214200375  330.33482100387414 ]
 [ 25.926231827891332 204.6486340378425  ]
 [549.6624778787092   619.2709663506637  ]
 [435.32239261827687  299.65467367452317 ]
 [420.36780208748905  266.8272751028666  ]]
Optimization failed
Optimization failed
time to optimize spline 1.7505171298980713
path [[420.36780208748905 266.8272751028666 ]]
Traceback (most recent call last):
  File "/home/ggs24/repos/github/RESEARCH/CDC_Path_Planning/run_data.py", line 342, in <module>
    run_all_different_numbers()
  File "/home/ggs24/repos/github/RESEARCH/CDC_Path_Planning/run_data.py", line 319, in run_all_different_numbers
    run_all(file)
  File "/home/ggs24/repos/github/RESEARCH/CDC_Path_Planning/run_data.py", line 298, in run_all
    run_test(i, filename)
  File "/home/ggs24/repos/github/RESEARCH/CDC_Path_Planning/run_data.py", line 189, in run_test
    lm_spline = path_planner.optimize_spline_path(
  File "/home/ggs24/repos/github/RESEARCH/CDC_Path_Planning/path_planner.py", line 838, in optimize_spline_path
    x0, tf = create_initial_spline(
  File "/home/ggs24/repos/github/RESEARCH/CDC_Path_Planning/path_planner.py", line 658, in create_initial_spline
    x0 = create_initial_lawnmower_path(
  File "/home/ggs24/repos/github/RESEARCH/CDC_Path_Planning/path_planner.py", line 621, in create_initial_lawnmower_path
    splineControlPoints, splineKnotPoints = fit_spline_to_path(
  File "/home/ggs24/repos/github/RESEARCH/CDC_Path_Planning/path_planner.py", line 592, in fit_spline_to_path
    tck_x = scipy.interpolate.splrep(t, path[:, 0], k=splineOrder, t=knots, s=s)
  File "/home/ggs24/pyvenvs/spline_ipp/lib/python3.10/site-packages/scipy/interpolate/_fitpack_py.py", line 295, in splrep
    res = _impl.splrep(x, y, w, xb, xe, k, task, s, t, full_output, per, quiet)
  File "/home/ggs24/pyvenvs/spline_ipp/lib/python3.10/site-packages/scipy/interpolate/_fitpack_impl.py", line 290, in splrep
    raise _iermess[ier][1](_iermess[ier][0])
ValueError: Error on input data
